1788 [main] INFO  c.a.o.a.o.OafAdapterApplicationTests - Starting OafAdapterApplicationTests on ETPL012 with PID 13640 (started by user in E:\Alghanim\OAF\workspace\alghanim_oaf\oaf-adapter)
1789 [main] DEBUG c.a.o.a.o.OafAdapterApplicationTests - Running with Spring Boot v1.5.10.RELEASE, Spring v4.3.14.RELEASE
1789 [main] INFO  c.a.o.a.o.OafAdapterApplicationTests - The following profiles are active: local
1868 [main] INFO  o.s.w.c.s.GenericWebApplicationContext - Refreshing org.springframework.web.context.support.GenericWebApplicationContext@13e344d: startup date [Wed May 29 12:14:26 IST 2019]; root of context hierarchy
2807 [background-preinit] INFO  o.h.validator.internal.util.Version - HV000001: Hibernate Validator 5.3.6.Final
5269 [main] INFO  o.s.c.s.PostProcessorRegistrationDelegate$BeanPostProcessorChecker - Bean 'org.springframework.transaction.annotation.ProxyTransactionManagementConfiguration' of type [org.springframework.transaction.annotation.ProxyTransactionManagementConfiguration$$EnhancerBySpringCGLIB$$7935e779] is not eligible for getting processed by all BeanPostProcessors (for example: not eligible for auto-proxying)
7073 [main] INFO  o.s.o.j.LocalContainerEntityManagerFactoryBean - Building JPA container EntityManagerFactory for persistence unit 'default'
7108 [main] INFO  o.h.jpa.internal.util.LogHelper - HHH000204: Processing PersistenceUnitInfo [
	name: default
	...]
7301 [main] INFO  org.hibernate.Version - HHH000412: Hibernate Core {5.0.12.Final}
7305 [main] INFO  org.hibernate.cfg.Environment - HHH000206: hibernate.properties not found
7313 [main] INFO  org.hibernate.cfg.Environment - HHH000021: Bytecode provider name : javassist
7413 [main] INFO  o.h.annotations.common.Version - HCANN000001: Hibernate Commons Annotations {5.0.1.Final}
7688 [main] INFO  org.hibernate.dialect.Dialect - HHH000400: Using dialect: org.hibernate.dialect.MySQL5Dialect
9443 [main] INFO  o.h.tool.hbm2ddl.SchemaUpdate - HHH000228: Running hbm2ddl schema update
9865 [main] INFO  o.s.o.j.LocalContainerEntityManagerFactoryBean - Initialized JPA EntityManagerFactory for persistence unit 'default'
10494 [main] INFO  o.h.h.i.QueryTranslatorFactoryInitiator - HHH000397: Using ASTQueryTranslatorFactory
12672 [main] INFO  o.s.w.s.m.m.a.RequestMappingHandlerMapping - Mapped "{[/updateStatus],methods=[POST],produces=[application/json]}" onto public org.springframework.http.ResponseEntity com.activiti.oaf.adapter.controller.OAFController.updateStatus(java.lang.String,java.lang.String,java.lang.String)
12674 [main] INFO  o.s.w.s.m.m.a.RequestMappingHandlerMapping - Mapped "{[/sap/bc/zalfstatus/{inquiry}.{quote}.{status}],methods=[GET],produces=[application/xml]}" onto public org.springframework.http.ResponseEntity com.activiti.oaf.adapter.controller.OAFController.sapMockController(java.lang.String,java.lang.String,java.lang.String,java.lang.String,java.lang.String)
12675 [main] INFO  o.s.w.s.m.m.a.RequestMappingHandlerMapping - Mapped "{[/restartProcess],methods=[POST],produces=[application/json]}" onto public org.springframework.http.ResponseEntity com.activiti.oaf.adapter.controller.OAFController.autoRestartProcessRequest(java.lang.String,java.lang.String)
12676 [main] INFO  o.s.w.s.m.m.a.RequestMappingHandlerMapping - Mapped "{[/findByInquiry/{inquiry}],methods=[GET]}" onto public java.util.List<com.activiti.oaf.adapter.bean.OrderApproval> com.activiti.oaf.adapter.controller.OAFController.findByInquiry(java.lang.String)
12676 [main] INFO  o.s.w.s.m.m.a.RequestMappingHandlerMapping - Mapped "{[/manageOAF],methods=[GET],produces=[application/json]}" onto public org.springframework.http.ResponseEntity com.activiti.oaf.adapter.controller.OAFController.manageOAFGet()
12677 [main] INFO  o.s.w.s.m.m.a.RequestMappingHandlerMapping - Mapped "{[/manageOAF],methods=[POST],produces=[application/json]}" onto public org.springframework.http.ResponseEntity com.activiti.oaf.adapter.controller.OAFController.manageOAF(com.activiti.oaf.adapter.model.UIQuotationDetail)
12679 [main] INFO  o.s.w.s.m.m.a.RequestMappingHandlerMapping - Mapped "{[/getReminderAudit],methods=[GET],produces=[application/json]}" onto public java.lang.String com.activiti.oaf.adapter.controller.OAFReminderController.getReminderAudit(java.lang.String)
12680 [main] INFO  o.s.w.s.m.m.a.RequestMappingHandlerMapping - Mapped "{[/saveReminderAudit],methods=[POST],produces=[application/json]}" onto public java.lang.String com.activiti.oaf.adapter.controller.OAFReminderController.saveReportRecord(com.activiti.oaf.adapter.bean.OrderApprovalReminderMailDetails)
12682 [main] INFO  o.s.w.s.m.m.a.RequestMappingHandlerMapping - Mapped "{[/deleteReportEntry],methods=[GET],produces=[application/json]}" onto public java.lang.String com.activiti.oaf.adapter.controller.OAFReportController.deleteEntry(java.lang.String)
12682 [main] INFO  o.s.w.s.m.m.a.RequestMappingHandlerMapping - Mapped "{[/getOAFReportDetail],methods=[POST],produces=[application/json]}" onto public java.lang.String com.activiti.oaf.adapter.controller.OAFReportController.getReportsDetails(com.activiti.oaf.adapter.bean.OrderApprovalReportDetails)
12683 [main] INFO  o.s.w.s.m.m.a.RequestMappingHandlerMapping - Mapped "{[/saveReportRecord],methods=[POST],produces=[application/json]}" onto public java.lang.String com.activiti.oaf.adapter.controller.OAFReportController.saveReportRecord(com.activiti.oaf.adapter.bean.OrderApprovalReportDetails)
12685 [main] INFO  o.s.w.s.m.m.a.RequestMappingHandlerMapping - Mapped "{[/v2/api-docs],methods=[GET],produces=[application/json || application/hal+json]}" onto public org.springframework.http.ResponseEntity<springfox.documentation.spring.web.json.Json> springfox.documentation.swagger2.web.Swagger2Controller.getDocumentation(java.lang.String,javax.servlet.http.HttpServletRequest)
12691 [main] INFO  o.s.w.s.m.m.a.RequestMappingHandlerMapping - Mapped "{[/swagger-resources/configuration/security]}" onto org.springframework.http.ResponseEntity<springfox.documentation.swagger.web.SecurityConfiguration> springfox.documentation.swagger.web.ApiResourceController.securityConfiguration()
12692 [main] INFO  o.s.w.s.m.m.a.RequestMappingHandlerMapping - Mapped "{[/swagger-resources/configuration/ui]}" onto org.springframework.http.ResponseEntity<springfox.documentation.swagger.web.UiConfiguration> springfox.documentation.swagger.web.ApiResourceController.uiConfiguration()
12693 [main] INFO  o.s.w.s.m.m.a.RequestMappingHandlerMapping - Mapped "{[/swagger-resources]}" onto org.springframework.http.ResponseEntity<java.util.List<springfox.documentation.swagger.web.SwaggerResource>> springfox.documentation.swagger.web.ApiResourceController.swaggerResources()
12700 [main] INFO  o.s.w.s.m.m.a.RequestMappingHandlerMapping - Mapped "{[/error]}" onto public org.springframework.http.ResponseEntity<java.util.Map<java.lang.String, java.lang.Object>> org.springframework.boot.autoconfigure.web.BasicErrorController.error(javax.servlet.http.HttpServletRequest)
12700 [main] INFO  o.s.w.s.m.m.a.RequestMappingHandlerMapping - Mapped "{[/error],produces=[text/html]}" onto public org.springframework.web.servlet.ModelAndView org.springframework.boot.autoconfigure.web.BasicErrorController.errorHtml(javax.servlet.http.HttpServletRequest,javax.servlet.http.HttpServletResponse)
14793 [main] INFO  o.s.w.s.m.m.a.RequestMappingHandlerAdapter - Looking for @ControllerAdvice: org.springframework.web.context.support.GenericWebApplicationContext@13e344d: startup date [Wed May 29 12:14:26 IST 2019]; root of context hierarchy
14959 [main] INFO  o.s.w.s.h.SimpleUrlHandlerMapping - Mapped URL path [/webjars/**] onto handler of type [class org.springframework.web.servlet.resource.ResourceHttpRequestHandler]
14959 [main] INFO  o.s.w.s.h.SimpleUrlHandlerMapping - Mapped URL path [/**] onto handler of type [class org.springframework.web.servlet.resource.ResourceHttpRequestHandler]
15112 [main] INFO  o.s.w.s.h.SimpleUrlHandlerMapping - Mapped URL path [/**/favicon.ico] onto handler of type [class org.springframework.web.servlet.resource.ResourceHttpRequestHandler]
15852 [main] INFO  o.s.c.s.DefaultLifecycleProcessor - Starting beans in phase 2147483647
15853 [main] INFO  s.d.s.w.p.DocumentationPluginsBootstrapper - Context refreshed
15912 [main] INFO  s.d.s.w.p.DocumentationPluginsBootstrapper - Found 1 custom documentation plugin(s)
15942 [main] INFO  s.d.s.w.s.ApiListingReferenceScanner - Scanning for api listing references
16593 [main] INFO  s.d.s.w.r.o.CachingOperationNameGenerator - Generating unique operation named: saveReportRecordUsingPOST_1
16821 [main] INFO  c.a.o.a.o.OafAdapterApplicationTests - Started OafAdapterApplicationTests in 15.671 seconds (JVM running for 17.503)
16994 [Thread-3] INFO  o.s.w.c.s.GenericWebApplicationContext - Closing org.springframework.web.context.support.GenericWebApplicationContext@13e344d: startup date [Wed May 29 12:14:26 IST 2019]; root of context hierarchy
16998 [Thread-3] INFO  o.s.c.s.DefaultLifecycleProcessor - Stopping beans in phase 2147483647
17012 [Thread-3] INFO  o.s.o.j.LocalContainerEntityManagerFactoryBean - Closing JPA EntityManagerFactory for persistence unit 'default'
